#
# There is insufficient memory for the Java Runtime Environment to continue.
# Native memory allocation (malloc) failed to allocate 1048576 bytes for AllocateHeap
# Possible reasons:
#   The system is out of physical RAM or swap space
#   In 32 bit mode, the process size limit was hit
# Possible solutions:
#   Reduce memory load on the system
#   Increase physical memory or swap space
#   Check if swap backing store is full
#   Use 64 bit Java on a 64 bit OS
#   Decrease Java heap size (-Xmx/-Xms)
#   Decrease number of Java threads
#   Decrease Java thread stack sizes (-Xss)
#   Set larger code cache with -XX:ReservedCodeCacheSize=
# This output file may be truncated or incomplete.
#
#  Out of Memory Error (memory/allocation.inline.hpp:61), pid=15304, tid=5544
#
# JRE version:  (7.0_80-b15) (build )
# Java VM: Java HotSpot(TM) 64-Bit Server VM (24.80-b11 mixed mode windows-amd64 compressed oops)
# Failed to write core dump. Minidumps are not enabled by default on client versions of Windows
#

---------------  T H R E A D  ---------------

Current thread (0x0000000002d90800):  JavaThread "Unknown thread" [_thread_in_vm, id=5544, stack(0x0000000002c90000,0x0000000002d90000)]

Stack: [0x0000000002c90000,0x0000000002d90000]

---------------  P R O C E S S  ---------------

Java Threads: ( => current thread )

Other Threads:

=>0x0000000002d90800 (exited) JavaThread "Unknown thread" [_thread_in_vm, id=5544, stack(0x0000000002c90000,0x0000000002d90000)]

VM state:not at safepoint (normal execution)

VM Mutex/Monitor currently owned by a thread: None

Heap
 PSYoungGen      total 38400K, used 665K [0x00000007d5d00000, 0x00000007d8780000, 0x0000000800000000)
  eden space 33280K, 2% used [0x00000007d5d00000,0x00000007d5da66b8,0x00000007d7d80000)
  from space 5120K, 0% used [0x00000007d8280000,0x00000007d8280000,0x00000007d8780000)
  to   space 5120K, 0% used [0x00000007d7d80000,0x00000007d7d80000,0x00000007d8280000)
 ParOldGen       total 86016K, used 0K [0x0000000781800000, 0x0000000786c00000, 0x00000007d5d00000)
  object space 86016K, 0% used [0x0000000781800000,0x0000000781800000,0x0000000786c00000)
 PSPermGen       total 21504K, used 697K [0x000000077c600000, 0x000000077db00000, 0x0000000781800000)
  object space 21504K, 3% used [0x000000077c600000,0x000000077c6ae5c8,0x000000077db00000)

Card table byte_map: [0x0000000005e90000,0x00000000062b0000] byte_map_base: 0x00000000022ad000

Polling page: 0x0000000001390000

Code Cache  [0x0000000002e90000, 0x0000000003100000, 0x0000000005e90000)
 total_blobs=38 nmethods=0 adapters=20 free_code_cache=48889Kb largest_free_block=50062528

Compilation events (0 events):
No events

GC Heap History (0 events):
No events

Deoptimization events (0 events):
No events

Internal exceptions (0 events):
No events

Events (10 events):
Event: 0.034 loading class 0x0000000002dd6710
Event: 0.034 loading class 0x0000000002dd6710 done
Event: 0.034 loading class 0x0000000002dd6760
Event: 0.034 loading class 0x0000000002dd6760 done
Event: 0.034 loading class 0x0000000002dd67b0
Event: 0.034 loading class 0x0000000002dd67b0 done
Event: 0.034 loading class 0x0000000002dd7530
Event: 0.034 loading class 0x0000000002dd7530 done
Event: 0.035 loading class 0x0000000002dd7150
Event: 0.035 loading class 0x0000000002dd7150 done


Dynamic libraries:
0x00007ff65b2d0000 - 0x00007ff65b303000 	C:\Program Files\Java\jdk1.7.0_80\bin\java.exe
0x00007ffb82bd0000 - 0x00007ffb82da1000 	C:\Windows\SYSTEM32\ntdll.dll
0x00007ffb81bf0000 - 0x00007ffb81c9b000 	C:\Windows\System32\KERNEL32.DLL
0x00007ffb7fa90000 - 0x00007ffb7fcad000 	C:\Windows\System32\KERNELBASE.dll
0x00007ffb801c0000 - 0x00007ffb80262000 	C:\Windows\System32\ADVAPI32.dll
0x00007ffb82ac0000 - 0x00007ffb82b5e000 	C:\Windows\System32\msvcrt.dll
0x00007ffb81cd0000 - 0x00007ffb81d29000 	C:\Windows\System32\sechost.dll
0x00007ffb81f90000 - 0x00007ffb820b1000 	C:\Windows\System32\RPCRT4.dll
0x00007ffb81d30000 - 0x00007ffb81e95000 	C:\Windows\System32\USER32.dll
0x00007ffb7f270000 - 0x00007ffb7f28e000 	C:\Windows\System32\win32u.dll
0x00007ffb82390000 - 0x00007ffb823c4000 	C:\Windows\System32\GDI32.dll
0x00007ffb7fdb0000 - 0x00007ffb7ff32000 	C:\Windows\System32\gdi32full.dll
0x00007ffb74760000 - 0x00007ffb749d9000 	C:\Windows\WinSxS\amd64_microsoft.windows.common-controls_6595b64144ccf1df_6.0.14393.0_none_2d0f50fcbdb171b8\COMCTL32.dll
0x00007ffb820c0000 - 0x00007ffb82387000 	C:\Windows\System32\combase.dll
0x00007ffb7fcb0000 - 0x00007ffb7fda5000 	C:\Windows\System32\ucrtbase.dll
0x00007ffb7f970000 - 0x00007ffb7f9da000 	C:\Windows\System32\bcryptPrimitives.dll
0x00007ffb81ca0000 - 0x00007ffb81cce000 	C:\Windows\System32\IMM32.DLL
0x0000000067570000 - 0x0000000067642000 	C:\Program Files\Java\jdk1.7.0_80\jre\bin\msvcr100.dll
0x0000000067650000 - 0x0000000067e29000 	C:\Program Files\Java\jdk1.7.0_80\jre\bin\server\jvm.dll
0x00007ffb82670000 - 0x00007ffb82678000 	C:\Windows\System32\PSAPI.DLL
0x00007ffb7b9a0000 - 0x00007ffb7b9a9000 	C:\Windows\SYSTEM32\WSOCK32.dll
0x00007ffb7d4b0000 - 0x00007ffb7d4d3000 	C:\Windows\SYSTEM32\WINMM.dll
0x00007ffb82b60000 - 0x00007ffb82bca000 	C:\Windows\System32\WS2_32.dll
0x00007ffb7d450000 - 0x00007ffb7d47b000 	C:\Windows\SYSTEM32\WINMMBASE.dll
0x00007ffb7ff40000 - 0x00007ffb7ff82000 	C:\Windows\System32\cfgmgr32.dll
0x0000000067520000 - 0x000000006752f000 	C:\Program Files\Java\jdk1.7.0_80\jre\bin\verify.dll
0x00000000674f0000 - 0x0000000067518000 	C:\Program Files\Java\jdk1.7.0_80\jre\bin\java.dll
0x00000000674d0000 - 0x00000000674e6000 	C:\Program Files\Java\jdk1.7.0_80\jre\bin\zip.dll

VM Arguments:
jvm_args: -Dfile.encoding=UTF-8 
java_command: registrationform.RegistrationForm
Launcher Type: SUN_STANDARD

Environment Variables:
PATH=C:\Program Files (x86)\NVIDIA Corporation\PhysX\Common;C:\Windows\system32;C:\Windows;C:\Windows\System32\Wbem;C:\Windows\System32\WindowsPowerShell\v1.0\;C:\Program Files\Git\cmd;C:\Windows\system32\config\systemprofile\.dnx\bin;C:\Program Files\Microsoft DNX\Dnvm\;C:\Program Files\Microsoft SQL Server\120\Tools\Binn\;C:\Program Files (x86)\Windows Kits\10\Windows Performance Toolkit\;C:\Users\Aladdin\AppData\Local\Microsoft\WindowsApps;
USERNAME=Aladdin
OS=Windows_NT
PROCESSOR_IDENTIFIER=Intel64 Family 6 Model 61 Stepping 4, GenuineIntel



---------------  S Y S T E M  ---------------

OS: Windows 8.1 , 64 bit Build 9600 

CPU:total 4 (2 cores per cpu, 2 threads per core) family 6 model 61 stepping 4, cmov, cx8, fxsr, mmx, sse, sse2, sse3, ssse3, sse4.1, sse4.2, popcnt, avx, avx2, aes, erms, ht, tsc, tscinvbit

Memory: 4k page, physical 8285560k(909724k free), swap 25062776k(5228k free)

vm_info: Java HotSpot(TM) 64-Bit Server VM (24.80-b11) for windows-amd64 JRE (1.7.0_80-b15), built on Apr 10 2015 11:26:34 by "java_re" with unknown MS VC++:1600

time: Thu Mar 21 14:13:37 2019
elapsed time: 0 seconds

